[10-Sep-2025 21:40:53 Europe/Berlin] PHP Warning:  Undefined array key "nombreFundacion" in C:\xampp\htdocs\OnClub\Backend\Api\Fundaciones.php on line 36
[10-Sep-2025 21:40:53 Europe/Berlin] PHP Warning:  Undefined array key "correo" in C:\xampp\htdocs\OnClub\Backend\Api\Fundaciones.php on line 37
[10-Sep-2025 21:40:53 Europe/Berlin] PHP Warning:  Undefined array key "telefono" in C:\xampp\htdocs\OnClub\Backend\Api\Fundaciones.php on line 38
[10-Sep-2025 21:40:53 Europe/Berlin] PHP Fatal error:  Uncaught mysqli_sql_exception: Unknown column 'correo' in 'where clause' in C:\xampp\htdocs\OnClub\Backend\Api\Fundaciones.php:41
Stack trace:
#0 C:\xampp\htdocs\OnClub\Backend\Api\Fundaciones.php(41): mysqli->query('SELECT id FROM ...')
#1 {main}
  thrown in C:\xampp\htdocs\OnClub\Backend\Api\Fundaciones.php on line 41
[10-Sep-2025 21:43:59 Europe/Berlin] PHP Warning:  Undefined array key "nombreFundacion" in C:\xampp\htdocs\OnClub\Backend\Api\Fundaciones.php on line 37
[10-Sep-2025 21:43:59 Europe/Berlin] PHP Warning:  Undefined array key "correo" in C:\xampp\htdocs\OnClub\Backend\Api\Fundaciones.php on line 38
[10-Sep-2025 21:43:59 Europe/Berlin] PHP Warning:  Undefined array key "telefono" in C:\xampp\htdocs\OnClub\Backend\Api\Fundaciones.php on line 39
[10-Sep-2025 21:43:59 Europe/Berlin] PHP Fatal error:  Uncaught mysqli_sql_exception: Unknown column 'correo' in 'where clause' in C:\xampp\htdocs\OnClub\Backend\Api\Fundaciones.php:42
Stack trace:
#0 C:\xampp\htdocs\OnClub\Backend\Api\Fundaciones.php(42): mysqli->query('SELECT id FROM ...')
#1 {main}
  thrown in C:\xampp\htdocs\OnClub\Backend\Api\Fundaciones.php on line 42
[10-Sep-2025 21:48:33 Europe/Berlin] PHP Fatal error:  Uncaught mysqli_sql_exception: Cannot add or update a child row: a foreign key constraint fails (`onclub`.`usuarios`, CONSTRAINT `usuarios_ibfk_2` FOREIGN KEY (`rol_id`) REFERENCES `roles` (`id`)) in C:\xampp\htdocs\OnClub\Backend\Api\Fundaciones.php:62
Stack trace:
#0 C:\xampp\htdocs\OnClub\Backend\Api\Fundaciones.php(62): mysqli_stmt->execute()
#1 {main}
  thrown in C:\xampp\htdocs\OnClub\Backend\Api\Fundaciones.php on line 62
[10-Sep-2025 22:33:04 Europe/Berlin] PHP Warning:  Undefined array key "nombreFundacion" in C:\xampp\htdocs\OnClub\Backend\Api\Fundaciones.php on line 36
[10-Sep-2025 22:33:04 Europe/Berlin] PHP Warning:  Undefined array key "correo" in C:\xampp\htdocs\OnClub\Backend\Api\Fundaciones.php on line 37
[10-Sep-2025 22:33:04 Europe/Berlin] PHP Warning:  Undefined array key "telefono" in C:\xampp\htdocs\OnClub\Backend\Api\Fundaciones.php on line 38
[10-Sep-2025 22:33:08 Europe/Berlin] PHP Warning:  Undefined array key "nombreFundacion" in C:\xampp\htdocs\OnClub\Backend\Api\Fundaciones.php on line 36
[10-Sep-2025 22:33:08 Europe/Berlin] PHP Warning:  Undefined array key "correo" in C:\xampp\htdocs\OnClub\Backend\Api\Fundaciones.php on line 37
[10-Sep-2025 22:33:08 Europe/Berlin] PHP Warning:  Undefined array key "telefono" in C:\xampp\htdocs\OnClub\Backend\Api\Fundaciones.php on line 38
[10-Sep-2025 22:35:20 Europe/Berlin] PHP Warning:  Undefined array key "nombre" in C:\xampp\htdocs\OnClub\Backend\Api\Fundaciones.php on line 36
[10-Sep-2025 22:35:20 Europe/Berlin] PHP Warning:  Undefined array key "telefono" in C:\xampp\htdocs\OnClub\Backend\Api\Fundaciones.php on line 38
[10-Sep-2025 22:35:20 Europe/Berlin] PHP Warning:  Undefined variable $correo in C:\xampp\htdocs\OnClub\Backend\Api\Fundaciones.php on line 41
[10-Sep-2025 22:35:20 Europe/Berlin] PHP Warning:  Undefined variable $correo in C:\xampp\htdocs\OnClub\Backend\Api\Fundaciones.php on line 89
[10-Sep-2025 22:40:45 Europe/Berlin] PHP Warning:  Undefined array key "nombre" in C:\xampp\htdocs\OnClub\Backend\Api\Fundaciones.php on line 36
[10-Sep-2025 22:40:45 Europe/Berlin] PHP Warning:  Undefined array key "telefono" in C:\xampp\htdocs\OnClub\Backend\Api\Fundaciones.php on line 38
[10-Sep-2025 22:40:45 Europe/Berlin] PHP Warning:  Undefined variable $correo in C:\xampp\htdocs\OnClub\Backend\Api\Fundaciones.php on line 89
[10-Sep-2025 22:46:04 Europe/Berlin] PHP Warning:  Undefined array key "nombre" in C:\xampp\htdocs\OnClub\Backend\Api\Fundaciones.php on line 36
[10-Sep-2025 22:46:04 Europe/Berlin] PHP Warning:  Undefined array key "telefono" in C:\xampp\htdocs\OnClub\Backend\Api\Fundaciones.php on line 38
[10-Sep-2025 22:46:09 Europe/Berlin] PHP Warning:  Undefined array key "nombre" in C:\xampp\htdocs\OnClub\Backend\Api\Fundaciones.php on line 36
[10-Sep-2025 22:46:09 Europe/Berlin] PHP Warning:  Undefined array key "telefono" in C:\xampp\htdocs\OnClub\Backend\Api\Fundaciones.php on line 38
[10-Sep-2025 22:46:22 Europe/Berlin] PHP Warning:  Undefined array key "nombre" in C:\xampp\htdocs\OnClub\Backend\Api\Fundaciones.php on line 36
[10-Sep-2025 22:46:22 Europe/Berlin] PHP Warning:  Undefined array key "telefono" in C:\xampp\htdocs\OnClub\Backend\Api\Fundaciones.php on line 38
[11-Sep-2025 02:33:14 Europe/Berlin] PHP Fatal error:  Uncaught Error: Call to undefined function getConnection() in C:\xampp\htdocs\OnClub\Backend\Api\Fundaciones.php:38
Stack trace:
#0 {main}
  thrown in C:\xampp\htdocs\OnClub\Backend\Api\Fundaciones.php on line 38
[11-Sep-2025 02:33:17 Europe/Berlin] PHP Fatal error:  Uncaught Error: Call to undefined function getConnection() in C:\xampp\htdocs\OnClub\Backend\Api\Fundaciones.php:38
Stack trace:
#0 {main}
  thrown in C:\xampp\htdocs\OnClub\Backend\Api\Fundaciones.php on line 38
[11-Sep-2025 02:33:22 Europe/Berlin] PHP Fatal error:  Uncaught Error: Call to undefined function getConnection() in C:\xampp\htdocs\OnClub\Backend\Api\Fundaciones.php:38
Stack trace:
#0 {main}
  thrown in C:\xampp\htdocs\OnClub\Backend\Api\Fundaciones.php on line 38
[13-Sep-2025 01:16:07 Europe/Berlin] PHP Fatal error:  Uncaught Error: Class "Database" not found in C:\xampp\htdocs\OnClub\Backend\Api\Fundaciones.php:31
Stack trace:
#0 {main}
  thrown in C:\xampp\htdocs\OnClub\Backend\Api\Fundaciones.php on line 31
[13-Sep-2025 01:16:09 Europe/Berlin] PHP Fatal error:  Uncaught Error: Class "Database" not found in C:\xampp\htdocs\OnClub\Backend\Api\Fundaciones.php:31
Stack trace:
#0 {main}
  thrown in C:\xampp\htdocs\OnClub\Backend\Api\Fundaciones.php on line 31
[13-Sep-2025 01:16:10 Europe/Berlin] PHP Fatal error:  Uncaught Error: Class "Database" not found in C:\xampp\htdocs\OnClub\Backend\Api\Fundaciones.php:31
Stack trace:
#0 {main}
  thrown in C:\xampp\htdocs\OnClub\Backend\Api\Fundaciones.php on line 31
[13-Sep-2025 01:16:10 Europe/Berlin] PHP Fatal error:  Uncaught Error: Class "Database" not found in C:\xampp\htdocs\OnClub\Backend\Api\Fundaciones.php:31
Stack trace:
#0 {main}
  thrown in C:\xampp\htdocs\OnClub\Backend\Api\Fundaciones.php on line 31
[13-Sep-2025 01:33:23 Europe/Berlin] PHP Fatal error:  Uncaught Error: Class "Database" not found in C:\xampp\htdocs\OnClub\Backend\Api\Fundaciones.php:31
Stack trace:
#0 {main}
  thrown in C:\xampp\htdocs\OnClub\Backend\Api\Fundaciones.php on line 31
[13-Sep-2025 01:34:13 Europe/Berlin] PHP Fatal error:  Uncaught Error: Class "Database" not found in C:\xampp\htdocs\OnClub\Backend\Api\Fundaciones.php:31
Stack trace:
#0 {main}
  thrown in C:\xampp\htdocs\OnClub\Backend\Api\Fundaciones.php on line 31
